2025-03-29 23:46:13,103 - INFO - Conectado a la base de datos fuente: Chinook
2025-03-29 23:46:13,103 - INFO - Procesando consulta: 
SELECT
    CONVERT(DATE, InvoiceDate) AS TIEMPO_ID,
    DATENAME(MONTH, I.INVOICEDATE) AS MES,
    ...
2025-03-29 23:46:13,540 - INFO - Extraídos 412 registros de: 
SELECT
    CONVERT(DATE, InvoiceDate) AS TIEMPO_I...
2025-03-29 23:46:13,552 - ERROR - Error en la carga de datos: ('23000', "[23000] [Microsoft][ODBC Driver 17 for SQL Server][SQL Server]Violation of PRIMARY KEY constraint 'PK__DIMENSIO__56569793B580BBA9'. Cannot insert duplicate key in object 'dbo.DIMENSION_TIEMPO'. The duplicate key value is (2021-02-01). (2627) (SQLExecDirectW); [23000] [Microsoft][ODBC Driver 17 for SQL Server][SQL Server]The statement has been terminated. (3621)")
2025-03-29 23:46:13,553 - ERROR - Consulta: 
INSERT INTO DIMENSION_TIEMPO (
    TIEMPO_ID,
    MES,
    TRIMESTRE,
    ANIO,
    DIA_SEMANA
) VALUES (?, ?, ?, ?, ?)

2025-03-29 23:46:13,553 - ERROR - Primer registro: (datetime.date(2021, 2, 1), 'February', 1, 2021, 'Monday')
2025-03-29 23:46:13,553 - INFO - Procesando consulta: 
SELECT
    ARTISTID,
    NAME
FROM DBO.ARTIST 
...
2025-03-29 23:46:13,555 - INFO - Extraídos 275 registros de: 
SELECT
    ARTISTID,
    NAME
FROM DBO.ARTIST 
...
2025-03-29 23:46:13,622 - INFO - Cargados 275 registros en destino
2025-03-29 23:46:13,622 - INFO - Procesando consulta: 
    SELECT 
        ALBUMID,
        TITLE,
        ARTISTID
    FROM DBO.ALBUM;
...
2025-03-29 23:46:13,624 - INFO - Extraídos 347 registros de: 
    SELECT 
        ALBUMID,
        TITLE,
     ...
2025-03-29 23:46:13,725 - INFO - Cargados 347 registros en destino
2025-03-29 23:46:13,725 - INFO - Procesando consulta: 
    SELECT 
        GENREID,
        NAME
    FROM DBO.GENRE;
...
2025-03-29 23:46:13,728 - INFO - Extraídos 25 registros de: 
    SELECT 
        GENREID,
        NAME
    FRO...
2025-03-29 23:46:13,740 - INFO - Cargados 25 registros en destino
2025-03-29 23:46:13,740 - INFO - Procesando consulta: 
    SELECT 
        MEDIATYPEID,
        NAME
    FROM DBO.MEDIATYPE;
...
2025-03-29 23:46:13,742 - INFO - Extraídos 5 registros de: 
    SELECT 
        MEDIATYPEID,
        NAME
   ...
2025-03-29 23:46:13,744 - ERROR - Error en la carga de datos: ('42S02', "[42S02] [Microsoft][ODBC Driver 17 for SQL Server][SQL Server]Invalid object name 'DIMENSION_MEDIO'. (208) (SQLExecDirectW); [42S02] [Microsoft][ODBC Driver 17 for SQL Server][SQL Server]Statement(s) could not be prepared. (8180)")
2025-03-29 23:46:13,744 - ERROR - Consulta: 
INSERT INTO DIMENSION_MEDIO (
    MEDIOID,
    NOMBRE
) VALUES (?, ?)

2025-03-29 23:46:13,744 - ERROR - Primer registro: (1, 'MPEG audio file')
2025-03-29 23:46:13,744 - INFO - Procesando consulta: 
SELECT 
    TRACKID,
    NAME,
    GENREID,
    MEDIATYPEID,
    ALBUMID
FROM DBO.TRACK;
...
2025-03-29 23:46:13,756 - INFO - Extraídos 3503 registros de: 
SELECT 
    TRACKID,
    NAME,
    GENREID,
    M...
2025-03-29 23:46:13,762 - ERROR - Error en la carga de datos: ('23000', '[23000] [Microsoft][ODBC Driver 17 for SQL Server][SQL Server]The INSERT statement conflicted with the FOREIGN KEY constraint "FK__DIMENSION__MEDIO__412EB0B6". The conflict occurred in database "DW_CHINOOK", table "dbo.DIMENSION_MEDIOTIPO", column \'MEDIOID\'. (547) (SQLExecDirectW); [23000] [Microsoft][ODBC Driver 17 for SQL Server][SQL Server]The statement has been terminated. (3621)')
2025-03-29 23:46:13,762 - ERROR - Consulta: 
INSERT INTO DIMENSION_PISTAS (
    PISTAID,
    NOMBRE,
    GENEROID,
    MEDIOID,
    ALBUMID
) VALUES (?, ?, ?, ?, ?)

2025-03-29 23:46:13,762 - ERROR - Primer registro: (1, 'For Those About To Rock (We Salute You)', 1, 1, 1)
2025-03-29 23:46:13,763 - INFO - Procesando consulta: 
SELECT 
    EMPLOYEEID,
    FIRSTNAME,
    LASTNAME
FROM DBO.EMPLOYEE;
...
2025-03-29 23:46:13,765 - INFO - Extraídos 8 registros de: 
SELECT 
    EMPLOYEEID,
    FIRSTNAME,
    LASTNA...
2025-03-29 23:46:13,771 - INFO - Cargados 8 registros en destino
2025-03-29 23:46:13,772 - INFO - Procesando consulta: 
SELECT 
    CUSTOMERID,
    FIRSTNAME,
    LASTNAME,
    ADDRESS,
    CITY,
    STATE,
    COUNTRY
...
2025-03-29 23:46:13,776 - INFO - Extraídos 59 registros de: 
SELECT 
    CUSTOMERID,
    FIRSTNAME,
    LASTNA...
2025-03-29 23:46:13,825 - INFO - Cargados 59 registros en destino
2025-03-29 23:46:13,826 - INFO - Procesando consulta: 
SELECT 	
	CONVERT(DATE, B.INVOICEDATE) AS TIEMPO_ID,
	C.CUSTOMERID,
	D.TRACKID,
	E.EMPLOYEEID,
	F.M...
2025-03-29 23:46:13,860 - INFO - Extraídos 2240 registros de: 
SELECT 	
	CONVERT(DATE, B.INVOICEDATE) AS TIEMPO_...
2025-03-29 23:46:13,868 - ERROR - Error en la carga de datos: ('23000', '[23000] [Microsoft][ODBC Driver 17 for SQL Server][SQL Server]The INSERT statement conflicted with the FOREIGN KEY constraint "FK__TBL_HECHO__TIEMP__4AB81AF0". The conflict occurred in database "DW_CHINOOK", table "dbo.DIMENSION_TIEMPO", column \'TIEMPO_ID\'. (547) (SQLExecDirectW); [23000] [Microsoft][ODBC Driver 17 for SQL Server][SQL Server]The statement has been terminated. (3621)')
2025-03-29 23:46:13,868 - ERROR - Consulta: 
INSERT INTO TBL_HECHOS (
    TIEMPO_ID,
    EMPLEADOID,
    CLIENTEID,
    PISTAID,
    MEDIOID,
    GENEROID,
    ALBUMID,
    ARTISTAID,
    VENTAS
) VALUES (?, ?, ?, ?, ?, ?, ?, ?, ?)

2025-03-29 23:46:13,868 - ERROR - Primer registro: (datetime.date(2021, 1, 1), 2, 2, 5, 2, 1, 2, 2, 0.99)
2025-03-29 23:46:13,869 - INFO - Proceso ETL finalizado
2025-03-29 23:51:22,517 - INFO - Conectado a la base de datos fuente: Chinook
2025-03-29 23:51:22,517 - INFO - Procesando consulta: 
SELECT
    CONVERT(DATE, InvoiceDate) AS TIEMPO_ID,
    DATENAME(MONTH, I.INVOICEDATE) AS MES,
    ...
2025-03-29 23:51:22,745 - INFO - Extraídos 412 registros de: 
SELECT
    CONVERT(DATE, InvoiceDate) AS TIEMPO_I...
2025-03-29 23:51:22,749 - ERROR - Error en la carga de datos: ('42S02', "[42S02] [Microsoft][ODBC Driver 17 for SQL Server][SQL Server]Invalid object name 'DIM_TIEMPO'. (208) (SQLExecDirectW); [42S02] [Microsoft][ODBC Driver 17 for SQL Server][SQL Server]Statement(s) could not be prepared. (8180)")
2025-03-29 23:51:22,749 - ERROR - Consulta: 
INSERT INTO DIM_TIEMPO (
    TIEMPO_ID,
    MES,
    TRIMESTRE,
    ANIO,
    DIA_SEMANA
) VALUES (?, ?, ?, ?, ?)

2025-03-29 23:51:22,749 - ERROR - Primer registro: (datetime.date(2021, 2, 1), 'February', 1, 2021, 'Monday')
2025-03-29 23:51:22,749 - INFO - Procesando consulta: 
SELECT
    ARTISTID,
    NAME
FROM DBO.ARTIST 
...
2025-03-29 23:51:22,752 - INFO - Extraídos 275 registros de: 
SELECT
    ARTISTID,
    NAME
FROM DBO.ARTIST 
...
2025-03-29 23:51:22,754 - ERROR - Error en la carga de datos: ('42S02', "[42S02] [Microsoft][ODBC Driver 17 for SQL Server][SQL Server]Invalid object name 'DIM_ARTISTA'. (208) (SQLExecDirectW); [42S02] [Microsoft][ODBC Driver 17 for SQL Server][SQL Server]Statement(s) could not be prepared. (8180)")
2025-03-29 23:51:22,754 - ERROR - Consulta: 
INSERT INTO DIM_ARTISTA (
    ARTISTAID,
    NOMBRE
) VALUES (?, ?)

2025-03-29 23:51:22,754 - ERROR - Primer registro: (1, 'AC/DC')
2025-03-29 23:51:22,754 - INFO - Procesando consulta: 
    SELECT 
        ALBUMID,
        TITLE,
        ARTISTID
    FROM DBO.ALBUM;
...
2025-03-29 23:51:22,757 - INFO - Extraídos 347 registros de: 
    SELECT 
        ALBUMID,
        TITLE,
     ...
2025-03-29 23:51:22,759 - ERROR - Error en la carga de datos: ('42S02', "[42S02] [Microsoft][ODBC Driver 17 for SQL Server][SQL Server]Invalid object name 'DIM_ALBUM'. (208) (SQLExecDirectW); [42S02] [Microsoft][ODBC Driver 17 for SQL Server][SQL Server]Statement(s) could not be prepared. (8180)")
2025-03-29 23:51:22,759 - ERROR - Consulta: 
INSERT INTO DIM_ALBUM (
    ALBUMID,
    TITULO,
    ARTISTAID
) VALUES (?, ?, ?)

2025-03-29 23:51:22,759 - ERROR - Primer registro: (1, 'For Those About To Rock We Salute You', 1)
2025-03-29 23:51:22,759 - INFO - Procesando consulta: 
    SELECT 
        GENREID,
        NAME
    FROM DBO.GENRE;
...
2025-03-29 23:51:22,761 - INFO - Extraídos 25 registros de: 
    SELECT 
        GENREID,
        NAME
    FRO...
2025-03-29 23:51:22,762 - ERROR - Error en la carga de datos: ('42S02', "[42S02] [Microsoft][ODBC Driver 17 for SQL Server][SQL Server]Invalid object name 'DIM_GENERO'. (208) (SQLExecDirectW); [42S02] [Microsoft][ODBC Driver 17 for SQL Server][SQL Server]Statement(s) could not be prepared. (8180)")
2025-03-29 23:51:22,762 - ERROR - Consulta: 
INSERT INTO DIM_GENERO (
    GENEROID,
    NOMBRE
) VALUES (?, ?)

2025-03-29 23:51:22,762 - ERROR - Primer registro: (1, 'Rock')
2025-03-29 23:51:22,762 - INFO - Procesando consulta: 
    SELECT 
        MEDIATYPEID,
        NAME
    FROM DBO.MEDIATYPE;
...
2025-03-29 23:51:22,765 - INFO - Extraídos 5 registros de: 
    SELECT 
        MEDIATYPEID,
        NAME
   ...
2025-03-29 23:51:22,766 - ERROR - Error en la carga de datos: ('42S02', "[42S02] [Microsoft][ODBC Driver 17 for SQL Server][SQL Server]Invalid object name 'DIM_MEDIO'. (208) (SQLExecDirectW); [42S02] [Microsoft][ODBC Driver 17 for SQL Server][SQL Server]Statement(s) could not be prepared. (8180)")
2025-03-29 23:51:22,766 - ERROR - Consulta: 
INSERT INTO DIM_MEDIO (
    MEDIOID,
    NOMBRE
) VALUES (?, ?)

2025-03-29 23:51:22,766 - ERROR - Primer registro: (1, 'MPEG audio file')
2025-03-29 23:51:22,766 - INFO - Procesando consulta: 
SELECT 
    TRACKID,
    NAME,
    GENREID,
    MEDIATYPEID,
    ALBUMID
FROM DBO.TRACK;
...
2025-03-29 23:51:22,776 - INFO - Extraídos 3503 registros de: 
SELECT 
    TRACKID,
    NAME,
    GENREID,
    M...
2025-03-29 23:51:22,781 - ERROR - Error en la carga de datos: ('42S02', "[42S02] [Microsoft][ODBC Driver 17 for SQL Server][SQL Server]Invalid object name 'DIM_PISTA'. (208) (SQLExecDirectW); [42S02] [Microsoft][ODBC Driver 17 for SQL Server][SQL Server]Statement(s) could not be prepared. (8180)")
2025-03-29 23:51:22,781 - ERROR - Consulta: 
INSERT INTO DIM_PISTA (
    PISTAID,
    NOMBRE,
    GENEROID,
    MEDIOID,
    ALBUMID
) VALUES (?, ?, ?, ?, ?)

2025-03-29 23:51:22,781 - ERROR - Primer registro: (1, 'For Those About To Rock (We Salute You)', 1, 1, 1)
2025-03-29 23:51:22,781 - INFO - Procesando consulta: 
SELECT 
    EMPLOYEEID,
    FIRSTNAME,
    LASTNAME
FROM DBO.EMPLOYEE;
...
2025-03-29 23:51:22,784 - INFO - Extraídos 8 registros de: 
SELECT 
    EMPLOYEEID,
    FIRSTNAME,
    LASTNA...
2025-03-29 23:51:22,785 - ERROR - Error en la carga de datos: ('42S02', "[42S02] [Microsoft][ODBC Driver 17 for SQL Server][SQL Server]Invalid object name 'DIM_EMPLEADO'. (208) (SQLExecDirectW); [42S02] [Microsoft][ODBC Driver 17 for SQL Server][SQL Server]Statement(s) could not be prepared. (8180)")
2025-03-29 23:51:22,785 - ERROR - Consulta: 
INSERT INTO DIM_EMPLEADO (
    EMPLEADOID,
    NOMBRE,
    APELLIDO
) VALUES (?, ?, ?)

2025-03-29 23:51:22,785 - ERROR - Primer registro: (1, 'Andrew', 'Adams')
2025-03-29 23:51:22,785 - INFO - Procesando consulta: 
SELECT 
    CUSTOMERID,
    FIRSTNAME,
    LASTNAME,
    ADDRESS,
    CITY,
    STATE,
    COUNTRY
...
2025-03-29 23:51:22,788 - INFO - Extraídos 59 registros de: 
SELECT 
    CUSTOMERID,
    FIRSTNAME,
    LASTNA...
2025-03-29 23:51:22,790 - ERROR - Error en la carga de datos: ('42S02', "[42S02] [Microsoft][ODBC Driver 17 for SQL Server][SQL Server]Invalid object name 'DIM_CLIENTE'. (208) (SQLExecDirectW); [42S02] [Microsoft][ODBC Driver 17 for SQL Server][SQL Server]Statement(s) could not be prepared. (8180)")
2025-03-29 23:51:22,790 - ERROR - Consulta: 
INSERT INTO DIM_CLIENTE (
    CLIENTEID,
    NOMBRE,
    APELLIDO,
    DIRECCION,
    CIUDAD,
    ESTADO,
    PAIS
) VALUES (?, ?, ?, ?, ?, ?, ?)

2025-03-29 23:51:22,790 - ERROR - Primer registro: (1, 'Luís', 'Gonçalves', 'Av. Brigadeiro Faria Lima, 2170', 'São José dos Campos', 'SP', 'Brazil')
2025-03-29 23:51:22,790 - INFO - Procesando consulta: 
SELECT 	
	CONVERT(DATE, B.INVOICEDATE) AS TIEMPO_ID,
	C.CUSTOMERID,
	D.TRACKID,
	E.EMPLOYEEID,
	F.M...
2025-03-29 23:51:22,821 - INFO - Extraídos 2240 registros de: 
SELECT 	
	CONVERT(DATE, B.INVOICEDATE) AS TIEMPO_...
2025-03-29 23:51:22,824 - ERROR - Error en la carga de datos: ('23000', '[23000] [Microsoft][ODBC Driver 17 for SQL Server][SQL Server]The INSERT statement conflicted with the FOREIGN KEY constraint "FK__TBL_HECHO__TIEMP__4AB81AF0". The conflict occurred in database "DW_CHINOOK", table "dbo.DIMENSION_TIEMPO", column \'TIEMPO_ID\'. (547) (SQLExecDirectW); [23000] [Microsoft][ODBC Driver 17 for SQL Server][SQL Server]The statement has been terminated. (3621)')
2025-03-29 23:51:22,825 - ERROR - Consulta: 
INSERT INTO TBL_HECHOS (
    TIEMPO_ID,
    EMPLEADOID,
    CLIENTEID,
    PISTAID,
    MEDIOID,
    GENEROID,
    ALBUMID,
    ARTISTAID,
    VENTAS
) VALUES (?, ?, ?, ?, ?, ?, ?, ?, ?)

2025-03-29 23:51:22,825 - ERROR - Primer registro: (datetime.date(2021, 1, 1), 2, 2, 5, 2, 1, 2, 2, 0.99)
2025-03-29 23:51:22,825 - INFO - Proceso ETL finalizado
2025-03-29 23:52:39,262 - ERROR - Error de conexión a la base fuente: 'port'
